python : C:\Users\majeed\Down
loads\mini-project\mini-proje
ct\app\routes\transactions.py
:42: FutureWarning: 
At line:1 char:1
+ python 
check_expenses_columns.py 
*>&1 | Out-File -Encoding 
ascii chec ...
+ ~~~~~~~~~~~~~~~~~~~~~~~~~~~
~~~~~~~~~~
    + CategoryInfo           
   : NotSpecified: (C:\User  
  s\majeed...FutureWarning   
 : :String) [], RemoteExc    
eption
    + FullyQualifiedErrorId  
   : NativeCommandError
 

All support for the 
`google.generativeai` 
package has ended. It will 
no longer be receiving 
updates or bug fixes. Please 
switch to the `google.genai` 
package as soon as possible.
See README for more details:

https://github.com/google-gem
ini/deprecated-generative-ai-
python/blob/main/README.md

  import google.generativeai 
as genai
Columns in 'expenses' table:
- id
- user_id
- title
- amount
- category
- type
- attachment_url
- expense_date
- is_parsed
- include_in_total
- created_at
- statement_tag
