python : C:\Users\majeed\Down
loads\mini-project\mini-proje
ct\app\routes\transactions.py
:42: FutureWarning: 
At line:1 char:1
+ python migrate_db.py *>&1 
| Out-File -Encoding ascii 
migration.log
+ ~~~~~~~~~~~~~~~~~~~~~~~~~
    + CategoryInfo           
   : NotSpecified: (C:\User  
  s\majeed...FutureWarning   
 : :String) [], RemoteExc    
eption
    + FullyQualifiedErrorId  
   : NativeCommandError
 

All support for the 
`google.generativeai` 
package has ended. It will 
no longer be receiving 
updates or bug fixes. Please 
switch to the `google.genai` 
package as soon as possible.
See README for more details:

https://github.com/google-gem
ini/deprecated-generative-ai-
python/blob/main/README.md

  import google.generativeai 
as genai
Error or column already exists: (psycopg2.errors.DuplicateColumn) column "statement_tag" of relation "expenses" already exists

[SQL: ALTER TABLE expenses ADD COLUMN statement_tag VARCHAR(100)]
(Background on this error at: https://sqlalche.me/e/20/f405)
